<?xml version="1.0" encoding="UTF-8"?>
<!-- Generated by org.testng.reporters.JUnitReportReporter -->
<testsuite skipped="0" hostname="Rachna-ThinkBook" name="dem.Demo2.TestT3" tests="2" failures="0" timestamp="2020-01-17T18:47:47 CST" time="0.008" errors="0">
  <testcase name="Casestudy" time="0.007" classname="dem.Demo2.TestT3"/>
  <testcase name="Seletest" time="0.001" classname="dem.Demo2.TestT3"/>
</testsuite> <!-- dem.Demo2.TestT3 -->
