<?xml version="1.0" encoding="UTF-8"?>
<!-- Generated by org.testng.reporters.JUnitReportReporter -->
<testsuite skipped="0" hostname="Rachna-ThinkBook" name="dem.Demo2.TestT2" tests="2" failures="0" timestamp="2020-01-17T18:47:47 CST" time="0.003" errors="0">
  <testcase name="Carlogin" time="0.002" classname="dem.Demo2.TestT2"/>
  <testcase name="Mobilelogin" time="0.001" classname="dem.Demo2.TestT2"/>
</testsuite> <!-- dem.Demo2.TestT2 -->
