<?xml version="1.0" encoding="UTF-8"?>
<!-- Generated by org.testng.reporters.JUnitReportReporter -->
<testsuite skipped="0" hostname="Rachna-ThinkBook" name="dem.Demo2.TestT1" tests="2" failures="0" timestamp="2020-01-17T19:08:35 CST" time="0.000" errors="0">
  <testcase name="Homeloan" time="0.000" classname="dem.Demo2.TestT1"/>
  <testcase name="PersonalLoan" time="0.000" classname="dem.Demo2.TestT1"/>
</testsuite> <!-- dem.Demo2.TestT1 -->
